<?xml version="1.0" encoding="UTF-8"?>
<!-- Generated by org.testng.reporters.JUnitReportReporter -->
<testsuite skipped="0" hostname="PR020921" name="testPackage.SubscriptionMoDMedalResearchOffice" tests="1" failures="0" timestamp="25 Jul 2017 12:44:31 GMT" time="25.979" errors="0">
  <testcase name="SubscriptionMoDMedalResearchOffice" time="25.979" classname="testPackage.SubscriptionMoDMedalResearchOffice"/>
</testsuite> <!-- testPackage.SubscriptionMoDMedalResearchOffice -->
